p/scale(42).jpg 1 0 0 24 24
p/scale(41).jpg 1 0 0 24 24
p/scale(40).jpg 1 0 0 24 24
p/scale(39).jpg 1 0 0 24 24
p/scale(38).jpg 1 0 0 24 24
p/scale(37).jpg 1 0 0 24 24
p/scale(36).jpg 1 0 0 24 24
p/scale(35).jpg 1 0 0 24 24
p/scale(34).jpg 1 0 0 24 24
p/scale(33).jpg 1 0 0 24 24
p/scale(32).jpg 1 0 0 24 24
p/scale(31).jpg 1 0 0 24 24
p/scale(30).jpg 1 0 0 24 24
p/scale(29).jpg 1 0 0 24 24
p/scale(28).jpg 1 0 0 24 24
p/scale(27).jpg 1 0 0 24 24
p/scale(26).jpg 1 0 0 24 24
p/scale(25).jpg 1 0 0 24 24
p/scale(24).jpg 1 0 0 24 24
p/scale(23).jpg 1 0 0 24 24
p/scale(22).jpg 1 0 0 24 24
p/scale(21).jpg 1 0 0 24 24
p/scale(20).jpg 1 0 0 24 24
p/scale(19).jpg 1 0 0 24 24
p/scale(18).jpg 1 0 0 24 24
p/scale(17).jpg 1 0 0 24 24
p/scale(16).jpg 1 0 0 24 24
p/scale(15).jpg 1 0 0 24 24
p/scale(14).jpg 1 0 0 24 24
p/scale(13).jpg 1 0 0 24 24
p/scale(12).jpg 1 0 0 24 24
p/scale(11).jpg 1 0 0 24 24
p/scale(10).jpg 1 0 0 24 24
p/scale(9).jpg 1 0 0 24 24
p/scale(8).jpg 1 0 0 24 24
p/scale(7).jpg 1 0 0 24 24
p/scale(6).jpg 1 0 0 24 24
p/scale(5).jpg 1 0 0 24 24
p/scale(4).jpg 1 0 0 24 24
p/scale(3).jpg 1 0 0 24 24
p/scale(2).jpg 1 0 0 24 24
p/scale(1).jpg 1 0 0 24 24